<?xml version="1.0" encoding="UTF-8"?>
<robot generator="Robot 4.0 (Python 3.8.5 on linux)" generated="20210331 11:54:11.457" rpa="false" schemaversion="2">
<suite id="s1" name="Dictionary" source="/media/scparis/HD1/Cursos/Automação de teste/Robot-Fremawork/Robot-Fremawork/SuiteTest/Tests/dictionary.robot">
<test id="s1-t1" name="Imprime exemplos de utilidades da library FakerLibrary">
<kw name="Exemplos relacionados a pessoa">
<kw name="First Name" library="FakerLibrary">
<var>${NOMEFAKE}</var>
<msg timestamp="20210331 11:54:11.670" level="INFO">${NOMEFAKE} = Travis</msg>
<status status="PASS" starttime="20210331 11:54:11.670" endtime="20210331 11:54:11.670"/>
</kw>
<kw name="Last Name" library="FakerLibrary">
<var>${SOBRENOMEFAKE}</var>
<msg timestamp="20210331 11:54:11.671" level="INFO">${SOBRENOMEFAKE} = Morgan</msg>
<status status="PASS" starttime="20210331 11:54:11.671" endtime="20210331 11:54:11.671"/>
</kw>
<kw name="Address" library="FakerLibrary">
<var>${ENDERECOFAKE}</var>
<doc>:example '791 Crist Parks, Sashabury, IL 86039-9874'</doc>
<msg timestamp="20210331 11:54:11.672" level="INFO">${ENDERECOFAKE} = 46039 Kimberly Flats
Evelynton, AL 38081</msg>
<status status="PASS" starttime="20210331 11:54:11.671" endtime="20210331 11:54:11.672"/>
</kw>
<kw name="Phone Number" library="FakerLibrary">
<var>${TELEFONEFAKE}</var>
<msg timestamp="20210331 11:54:11.672" level="INFO">${TELEFONEFAKE} = (785)725-5186x43551</msg>
<status status="PASS" starttime="20210331 11:54:11.672" endtime="20210331 11:54:11.672"/>
</kw>
<kw name="City" library="FakerLibrary">
<var>${CIDADEFAKE}</var>
<doc>:example 'Sashabury'</doc>
<msg timestamp="20210331 11:54:11.672" level="INFO">${CIDADEFAKE} = East Kathleenhaven</msg>
<status status="PASS" starttime="20210331 11:54:11.672" endtime="20210331 11:54:11.672"/>
</kw>
<kw name="Postalcode" library="FakerLibrary">
<var>${CODIGOPOSTALFAKE}</var>
<msg timestamp="20210331 11:54:11.673" level="INFO">${CODIGOPOSTALFAKE} = 97170</msg>
<status status="PASS" starttime="20210331 11:54:11.673" endtime="20210331 11:54:11.673"/>
</kw>
<kw name="Job" library="FakerLibrary">
<var>${TRABALHOFAKE}</var>
<msg timestamp="20210331 11:54:11.673" level="INFO">${TRABALHOFAKE} = Print production planner</msg>
<status status="PASS" starttime="20210331 11:54:11.673" endtime="20210331 11:54:11.673"/>
</kw>
<kw name="Create List" library="BuiltIn">
<var>@{PESSOA}</var>
<arg>Nome Aleatório: ${NOMEFAKE}</arg>
<arg>Sobrenome Aleatório: ${SOBRENOMEFAKE}</arg>
<arg>Telefone Aleatório: ${TELEFONEFAKE}</arg>
<arg>Cidade Aleatória: ${CIDADEFAKE}</arg>
<arg>CódigoPostal Aleatório: ${CODIGOPOSTALFAKE}</arg>
<arg>Trabalho: ${TRABALHOFAKE}</arg>
<doc>Returns a list containing given items.</doc>
<msg timestamp="20210331 11:54:11.674" level="INFO">@{PESSOA} = [ Nome Aleatório: Travis | Sobrenome Aleatório: Morgan | Telefone Aleatório: (785)725-5186x43551 | Cidade Aleatória: East Kathleenhaven | CódigoPostal Aleatório: 97170 | Trabalho: Print production pla...</msg>
<status status="PASS" starttime="20210331 11:54:11.673" endtime="20210331 11:54:11.674"/>
</kw>
<kw name="Log Many" library="BuiltIn">
<arg>@{PESSOA}</arg>
<doc>Logs the given messages as separate entries using the INFO level.</doc>
<msg timestamp="20210331 11:54:11.674" level="INFO">Nome Aleatório: Travis</msg>
<msg timestamp="20210331 11:54:11.674" level="INFO">Sobrenome Aleatório: Morgan</msg>
<msg timestamp="20210331 11:54:11.674" level="INFO">Telefone Aleatório: (785)725-5186x43551</msg>
<msg timestamp="20210331 11:54:11.674" level="INFO">Cidade Aleatória: East Kathleenhaven</msg>
<msg timestamp="20210331 11:54:11.674" level="INFO">CódigoPostal Aleatório: 97170</msg>
<msg timestamp="20210331 11:54:11.674" level="INFO">Trabalho: Print production planner</msg>
<status status="PASS" starttime="20210331 11:54:11.674" endtime="20210331 11:54:11.674"/>
</kw>
<status status="PASS" starttime="20210331 11:54:11.670" endtime="20210331 11:54:11.674"/>
</kw>
<kw name="Exemplos relacionados a datas">
<kw name="Date" library="FakerLibrary">
<var>${DATAFAKE}</var>
<doc>Get a date string between January 1, 1970 and now
:param pattern format
:example '2008-11-27'</doc>
<msg timestamp="20210331 11:54:11.675" level="INFO">${DATAFAKE} = 1972-07-25</msg>
<status status="PASS" starttime="20210331 11:54:11.675" endtime="20210331 11:54:11.675"/>
</kw>
<kw name="Month" library="FakerLibrary">
<var>${MESFAKE}</var>
<msg timestamp="20210331 11:54:11.676" level="INFO">${MESFAKE} = 01</msg>
<status status="PASS" starttime="20210331 11:54:11.675" endtime="20210331 11:54:11.676"/>
</kw>
<kw name="Year" library="FakerLibrary">
<var>${ANOFAKE}</var>
<msg timestamp="20210331 11:54:11.676" level="INFO">${ANOFAKE} = 2005</msg>
<status status="PASS" starttime="20210331 11:54:11.676" endtime="20210331 11:54:11.676"/>
</kw>
<kw name="Day Of Week" library="FakerLibrary">
<var>${DIADASEMANAFAKE}</var>
<msg timestamp="20210331 11:54:11.676" level="INFO">${DIADASEMANAFAKE} = Thursday</msg>
<status status="PASS" starttime="20210331 11:54:11.676" endtime="20210331 11:54:11.676"/>
</kw>
<kw name="Day Of Month" library="FakerLibrary">
<var>${DIADOMESFAKE}</var>
<msg timestamp="20210331 11:54:11.676" level="INFO">${DIADOMESFAKE} = 29</msg>
<status status="PASS" starttime="20210331 11:54:11.676" endtime="20210331 11:54:11.676"/>
</kw>
<kw name="Create List" library="BuiltIn">
<var>@{DATAS}</var>
<arg>Data Aleatória: ${DATAFAKE}</arg>
<arg>Mês Aleatório: ${MESFAKE}</arg>
<arg>Ano Aleatório: ${ANOFAKE}</arg>
<arg>Dia da Semana Aleatório: ${DIADASEMANAFAKE}</arg>
<arg>Dia do Mês Aleatório: ${DIADOMESFAKE}</arg>
<doc>Returns a list containing given items.</doc>
<msg timestamp="20210331 11:54:11.677" level="INFO">@{DATAS} = [ Data Aleatória: 1972-07-25 | Mês Aleatório: 01 | Ano Aleatório: 2005 | Dia da Semana Aleatório: Thursday | Dia do Mês Aleatório: 29 ]</msg>
<status status="PASS" starttime="20210331 11:54:11.676" endtime="20210331 11:54:11.677"/>
</kw>
<kw name="Log Many" library="BuiltIn">
<arg>@{DATAS}</arg>
<doc>Logs the given messages as separate entries using the INFO level.</doc>
<msg timestamp="20210331 11:54:11.677" level="INFO">Data Aleatória: 1972-07-25</msg>
<msg timestamp="20210331 11:54:11.678" level="INFO">Mês Aleatório: 01</msg>
<msg timestamp="20210331 11:54:11.678" level="INFO">Ano Aleatório: 2005</msg>
<msg timestamp="20210331 11:54:11.678" level="INFO">Dia da Semana Aleatório: Thursday</msg>
<msg timestamp="20210331 11:54:11.678" level="INFO">Dia do Mês Aleatório: 29</msg>
<status status="PASS" starttime="20210331 11:54:11.677" endtime="20210331 11:54:11.678"/>
</kw>
<status status="PASS" starttime="20210331 11:54:11.675" endtime="20210331 11:54:11.678"/>
</kw>
<kw name="Exemplos diversos">
<kw name="Email" library="FakerLibrary">
<var>${EMAILFAKE}</var>
<msg timestamp="20210331 11:54:11.679" level="INFO">${EMAILFAKE} = travisbryant@hotmail.com</msg>
<status status="PASS" starttime="20210331 11:54:11.678" endtime="20210331 11:54:11.679"/>
</kw>
<kw name="Password" library="FakerLibrary">
<var>${PASSWORDFAKE}</var>
<doc>Generate a random password of the specified ``length``.</doc>
<msg timestamp="20210331 11:54:11.679" level="INFO">${PASSWORDFAKE} = %_7Two5oJ7</msg>
<status status="PASS" starttime="20210331 11:54:11.679" endtime="20210331 11:54:11.679"/>
</kw>
<kw name="Color Name" library="FakerLibrary">
<var>${CORFAKE}</var>
<doc>Generate a color name.</doc>
<msg timestamp="20210331 11:54:11.679" level="INFO">${CORFAKE} = Bisque</msg>
<status status="PASS" starttime="20210331 11:54:11.679" endtime="20210331 11:54:11.679"/>
</kw>
<kw name="Credit Card Number" library="FakerLibrary">
<var>${CARTAODECREDITOFAKE}</var>
<doc>Generate a valid credit card number.</doc>
<msg timestamp="20210331 11:54:11.680" level="INFO">${CARTAODECREDITOFAKE} = 213134848152559</msg>
<status status="PASS" starttime="20210331 11:54:11.679" endtime="20210331 11:54:11.680"/>
</kw>
<kw name="Word" library="FakerLibrary">
<var>${PALAVRAFAKE}</var>
<doc>Generate a word.</doc>
<msg timestamp="20210331 11:54:11.680" level="INFO">${PALAVRAFAKE} = people</msg>
<status status="PASS" starttime="20210331 11:54:11.680" endtime="20210331 11:54:11.680"/>
</kw>
<kw name="Create List" library="BuiltIn">
<var>@{OUTROS}</var>
<arg>E-mail Aleatório: ${EMAILFAKE}</arg>
<arg>Senha Aleatória: ${PASSWORDFAKE}</arg>
<arg>Cor Aleatório: ${CORFAKE}</arg>
<arg>Cartão de Crédito Aleatório: ${CARTAODECREDITOFAKE}</arg>
<arg>Palavra Aleatória: ${PALAVRAFAKE}</arg>
<doc>Returns a list containing given items.</doc>
<msg timestamp="20210331 11:54:11.680" level="INFO">@{OUTROS} = [ E-mail Aleatório: travisbryant@hotmail.com | Senha Aleatória: %_7Two5oJ7 | Cor Aleatório: Bisque | Cartão de Crédito Aleatório: 213134848152559 | Palavra Aleatória: people ]</msg>
<status status="PASS" starttime="20210331 11:54:11.680" endtime="20210331 11:54:11.680"/>
</kw>
<kw name="Log Many" library="BuiltIn">
<arg>@{OUTROS}</arg>
<doc>Logs the given messages as separate entries using the INFO level.</doc>
<msg timestamp="20210331 11:54:11.681" level="INFO">E-mail Aleatório: travisbryant@hotmail.com</msg>
<msg timestamp="20210331 11:54:11.681" level="INFO">Senha Aleatória: %_7Two5oJ7</msg>
<msg timestamp="20210331 11:54:11.681" level="INFO">Cor Aleatório: Bisque</msg>
<msg timestamp="20210331 11:54:11.681" level="INFO">Cartão de Crédito Aleatório: 213134848152559</msg>
<msg timestamp="20210331 11:54:11.681" level="INFO">Palavra Aleatória: people</msg>
<status status="PASS" starttime="20210331 11:54:11.680" endtime="20210331 11:54:11.681"/>
</kw>
<status status="PASS" starttime="20210331 11:54:11.678" endtime="20210331 11:54:11.681"/>
</kw>
<status status="PASS" starttime="20210331 11:54:11.669" endtime="20210331 11:54:11.681"/>
</test>
<doc>Exemplo de uso da Library Faker</doc>
<status status="PASS" starttime="20210331 11:54:11.458" endtime="20210331 11:54:11.682"/>
</suite>
<statistics>
<total>
<stat pass="1" fail="0" skip="0">All Tests</stat>
</total>
<tag>
</tag>
<suite>
<stat pass="1" fail="0" skip="0" id="s1" name="Dictionary">Dictionary</stat>
</suite>
</statistics>
<errors>
</errors>
</robot>
