<?xml version="1.0" encoding="UTF-8"?>
<robot generator="Robot 3.2.2 (Python 3.8.5 on linux)" generated="20210310 20:49:20.738" rpa="false">
<suite id="s1" name="TestPractice" source="/media/scparis/BACKUP/Piperun/Q_A/Teste/test-automation/Robot-Fremawork/SuiteTest/Tests/TestPractice.robot">
<test id="s1-t1" name="Test Case #1: Find valiable product">
<kw name="Abrir navegador" library="Resource" type="setup">
<kw name="Open Browser" library="SeleniumLibrary">
<doc>Opens a new browser instance to the optional ``url``.</doc>
<arguments>
<arg>about:blank</arg>
<arg>${BROWSER}</arg>
</arguments>
<msg timestamp="20210310 20:49:20.862" level="INFO">Opening browser 'chrome' to base url 'about:blank'.</msg>
<status status="PASS" starttime="20210310 20:49:20.861" endtime="20210310 20:49:22.263"></status>
</kw>
<status status="PASS" starttime="20210310 20:49:20.861" endtime="20210310 20:49:22.263"></status>
</kw>
<kw name="Acessar a página home do site" library="Resource">
<kw name="Go To" library="SeleniumLibrary">
<doc>Navigates the current browser window to the provided ``url``.</doc>
<arguments>
<arg>${URL}</arg>
</arguments>
<msg timestamp="20210310 20:49:22.265" level="INFO">Opening url 'http://automationpractice.com/'</msg>
<status status="PASS" starttime="20210310 20:49:22.265" endtime="20210310 20:49:27.596"></status>
</kw>
<kw name="Title Should Be" library="SeleniumLibrary">
<doc>Verifies that the current page title equals ``title``.</doc>
<arguments>
<arg>My Store</arg>
</arguments>
<msg timestamp="20210310 20:49:27.619" level="INFO">Page title is 'My Store'.</msg>
<status status="PASS" starttime="20210310 20:49:27.597" endtime="20210310 20:49:27.619"></status>
</kw>
<status status="PASS" starttime="20210310 20:49:22.264" endtime="20210310 20:49:27.620"></status>
</kw>
<kw name="Digitar o nome do produto &quot;Blouse&quot; no campo de pesquisa" library="Resource">
<kw name="Input Text" library="SeleniumLibrary">
<doc>Types the given ``text`` into the text field identified by ``locator``.</doc>
<arguments>
<arg>id=search_query_top</arg>
<arg>${PRODUTO}</arg>
</arguments>
<msg timestamp="20210310 20:49:27.624" level="INFO">Typing text 'Blouse' into text field 'id=search_query_top'.</msg>
<status status="PASS" starttime="20210310 20:49:27.623" endtime="20210310 20:49:27.809"></status>
</kw>
<status status="PASS" starttime="20210310 20:49:27.621" endtime="20210310 20:49:27.810"></status>
</kw>
<kw name="Clicar no botão pesquisar" library="Resource">
<kw name="Click Element" library="SeleniumLibrary">
<doc>Click the element identified by ``locator``.</doc>
<arguments>
<arg>name=submit_search</arg>
</arguments>
<msg timestamp="20210310 20:49:27.811" level="INFO">Clicking element 'name=submit_search'.</msg>
<status status="PASS" starttime="20210310 20:49:27.810" endtime="20210310 20:49:29.529"></status>
</kw>
<status status="PASS" starttime="20210310 20:49:27.810" endtime="20210310 20:49:29.530"></status>
</kw>
<kw name="Conferir se o procuto &quot;Blouse&quot; foi listado no site" library="Resource">
<kw name="Wait Until Element Is Visible" library="SeleniumLibrary">
<doc>Waits until the element ``locator`` is visible.</doc>
<arguments>
<arg>css=#center_column &gt; h1</arg>
</arguments>
<status status="PASS" starttime="20210310 20:49:29.532" endtime="20210310 20:49:29.575"></status>
</kw>
<kw name="Title Should Be" library="SeleniumLibrary">
<doc>Verifies that the current page title equals ``title``.</doc>
<arguments>
<arg>Search - My Store</arg>
</arguments>
<msg timestamp="20210310 20:49:29.580" level="INFO">Page title is 'Search - My Store'.</msg>
<status status="PASS" starttime="20210310 20:49:29.576" endtime="20210310 20:49:29.581"></status>
</kw>
<kw name="Page Should Contain Image" library="SeleniumLibrary">
<doc>Verifies image identified by ``locator`` is found from current page.</doc>
<arguments>
<arg>xpath=//img[@src="http://automationpractice.com/img/p/7/7-home_default.jpg"]</arg>
</arguments>
<msg timestamp="20210310 20:49:29.605" level="INFO">Current page contains image 'xpath=//img[@src="http://automationpractice.com/img/p/7/7-home_default.jpg"]'.</msg>
<status status="PASS" starttime="20210310 20:49:29.581" endtime="20210310 20:49:29.606"></status>
</kw>
<kw name="Page Should Contain Link" library="SeleniumLibrary">
<doc>Verifies link identified by ``locator`` is found from current page.</doc>
<arguments>
<arg>xpath=//*[@id="center_column"]//a[@class="product-name"][contains(text(), "Blouse")]</arg>
</arguments>
<msg timestamp="20210310 20:49:29.631" level="INFO">Current page contains link 'xpath=//*[@id="center_column"]//a[@class="product-name"][contains(text(), "Blouse")]'.</msg>
<status status="PASS" starttime="20210310 20:49:29.606" endtime="20210310 20:49:29.631"></status>
</kw>
<status status="PASS" starttime="20210310 20:49:29.531" endtime="20210310 20:49:29.631"></status>
</kw>
<kw name="Fechar navegador" library="Resource" type="teardown">
<kw name="Close Browser" library="SeleniumLibrary">
<doc>Closes the current browser.</doc>
<status status="PASS" starttime="20210310 20:49:29.632" endtime="20210310 20:49:29.714"></status>
</kw>
<status status="PASS" starttime="20210310 20:49:29.632" endtime="20210310 20:49:29.715"></status>
</kw>
<status status="PASS" starttime="20210310 20:49:20.860" endtime="20210310 20:49:29.715" critical="yes"></status>
</test>
<test id="s1-t2" name="Test Case #2: Find unvaliable product">
<kw name="Abrir navegador" library="Resource" type="setup">
<kw name="Open Browser" library="SeleniumLibrary">
<doc>Opens a new browser instance to the optional ``url``.</doc>
<arguments>
<arg>about:blank</arg>
<arg>${BROWSER}</arg>
</arguments>
<msg timestamp="20210310 20:49:29.720" level="INFO">Opening browser 'chrome' to base url 'about:blank'.</msg>
<status status="PASS" starttime="20210310 20:49:29.719" endtime="20210310 20:49:31.151"></status>
</kw>
<status status="PASS" starttime="20210310 20:49:29.718" endtime="20210310 20:49:31.152"></status>
</kw>
<kw name="Acessar a página home do site" library="Resource">
<kw name="Go To" library="SeleniumLibrary">
<doc>Navigates the current browser window to the provided ``url``.</doc>
<arguments>
<arg>${URL}</arg>
</arguments>
<msg timestamp="20210310 20:49:31.154" level="INFO">Opening url 'http://automationpractice.com/'</msg>
<status status="PASS" starttime="20210310 20:49:31.154" endtime="20210310 20:49:36.157"></status>
</kw>
<kw name="Title Should Be" library="SeleniumLibrary">
<doc>Verifies that the current page title equals ``title``.</doc>
<arguments>
<arg>My Store</arg>
</arguments>
<msg timestamp="20210310 20:49:36.164" level="INFO">Page title is 'My Store'.</msg>
<status status="PASS" starttime="20210310 20:49:36.158" endtime="20210310 20:49:36.164"></status>
</kw>
<status status="PASS" starttime="20210310 20:49:31.153" endtime="20210310 20:49:36.165"></status>
</kw>
<kw name="Digitar o nome do produto &quot;ItemNãoExistente&quot; no campo de pesquisa" library="Resource">
<kw name="Input Text" library="SeleniumLibrary">
<doc>Types the given ``text`` into the text field identified by ``locator``.</doc>
<arguments>
<arg>id=search_query_top</arg>
<arg>${PRODUTO}</arg>
</arguments>
<msg timestamp="20210310 20:49:36.166" level="INFO">Typing text 'ItemNãoExistente' into text field 'id=search_query_top'.</msg>
<status status="PASS" starttime="20210310 20:49:36.165" endtime="20210310 20:49:36.279"></status>
</kw>
<status status="PASS" starttime="20210310 20:49:36.165" endtime="20210310 20:49:36.280"></status>
</kw>
<kw name="Clicar no botão pesquisar" library="Resource">
<kw name="Click Element" library="SeleniumLibrary">
<doc>Click the element identified by ``locator``.</doc>
<arguments>
<arg>name=submit_search</arg>
</arguments>
<msg timestamp="20210310 20:49:36.280" level="INFO">Clicking element 'name=submit_search'.</msg>
<status status="PASS" starttime="20210310 20:49:36.280" endtime="20210310 20:49:37.493"></status>
</kw>
<status status="PASS" starttime="20210310 20:49:36.280" endtime="20210310 20:49:37.493"></status>
</kw>
<kw name="Conferir mensagem de erro &quot;No results were found for your search &quot;ItemNãoExistente&quot;&quot;" library="Resource">
<kw name="Wait Until Element Is Visible" library="SeleniumLibrary">
<doc>Waits until the element ``locator`` is visible.</doc>
<arguments>
<arg>xpath=//p[@class="alert alert-warning"]</arg>
</arguments>
<status status="PASS" starttime="20210310 20:49:37.498" endtime="20210310 20:49:37.562"></status>
</kw>
<kw name="Element Text Should Be" library="SeleniumLibrary">
<doc>Verifies that element ``locator`` contains exact the text ``expected``.</doc>
<arguments>
<arg>xpath=//p[@class="alert alert-warning"]</arg>
<arg>${MENSAGEM_ALERTA}</arg>
</arguments>
<msg timestamp="20210310 20:49:37.562" level="INFO">Verifying element 'xpath=//p[@class="alert alert-warning"]' contains exact text 'No results were found for your search "ItemNãoExistente"'.</msg>
<status status="PASS" starttime="20210310 20:49:37.562" endtime="20210310 20:49:37.583"></status>
</kw>
<status status="PASS" starttime="20210310 20:49:37.494" endtime="20210310 20:49:37.583"></status>
</kw>
<kw name="Fechar navegador" library="Resource" type="teardown">
<kw name="Close Browser" library="SeleniumLibrary">
<doc>Closes the current browser.</doc>
<status status="PASS" starttime="20210310 20:49:37.583" endtime="20210310 20:49:37.646"></status>
</kw>
<status status="PASS" starttime="20210310 20:49:37.583" endtime="20210310 20:49:37.646"></status>
</kw>
<status status="PASS" starttime="20210310 20:49:29.716" endtime="20210310 20:49:37.647" critical="yes"></status>
</test>
<doc>Caso de teste criado no modelo procedural</doc>
<status status="PASS" starttime="20210310 20:49:20.741" endtime="20210310 20:49:37.648"></status>
</suite>
<statistics>
<total>
<stat pass="2" fail="0">Critical Tests</stat>
<stat pass="2" fail="0">All Tests</stat>
</total>
<tag>
</tag>
<suite>
<stat pass="2" fail="0" id="s1" name="TestPractice">TestPractice</stat>
</suite>
</statistics>
<errors>
</errors>
</robot>
